<?xml version="1.0" encoding="UTF-8"?>
<!-- Generated by org.testng.reporters.JUnitXMLReporter -->
<testsuite hostname="Q14589" name="Default test" tests="3" failures="0" timestamp="26 Aug 2016 05:37:12 GMT" time="0.156" errors="0">
  <testcase name="xyz" time="0.047" classname="com.stockacc.master.Exampleng"/>
  <testcase name="pqr" time="0.0" classname="com.stockacc.master.Exampleng"/>
  <testcase name="abc" time="0.015" classname="com.stockacc.master.Exampleng"/>
</testsuite> <!-- Default test -->
